#
# There is insufficient memory for the Java Runtime Environment to continue.
# Native memory allocation (malloc) failed to allocate 875696 bytes for Chunk::new
# Possible reasons:
#   The system is out of physical RAM or swap space
#   The process is running with CompressedOops enabled, and the Java Heap may be blocking the growth of the native heap
# Possible solutions:
#   Reduce memory load on the system
#   Increase physical memory or swap space
#   Check if swap backing store is full
#   Decrease Java heap size (-Xmx/-Xms)
#   Decrease number of Java threads
#   Decrease Java thread stack sizes (-Xss)
#   Set larger code cache with -XX:ReservedCodeCacheSize=
#   JVM is running with Unscaled Compressed Oops mode in which the Java heap is
#     placed in the first 4GB address space. The Java Heap base address is the
#     maximum limit for the native heap growth. Please use -XX:HeapBaseMinAddress
#     to set the Java Heap base and to place the Java Heap above 4GB virtual address.
# This output file may be truncated or incomplete.
#
#  Out of Memory Error (allocation.cpp:389), pid=14608, tid=0x0000000000001db4
#
# JRE version: OpenJDK Runtime Environment (8.0_202-b03) (build 1.8.0_202-release-1483-b03)
# Java VM: OpenJDK 64-Bit Server VM (25.202-b03 mixed mode windows-amd64 compressed oops)
# Failed to write core dump. Minidumps are not enabled by default on client versions of Windows
#

---------------  T H R E A D  ---------------

Current thread (0x0000000016a32000):  JavaThread "C2 CompilerThread1" daemon [_thread_in_native, id=7604, stack(0x00000000181a0000,0x00000000182a0000)]

Stack: [0x00000000181a0000,0x00000000182a0000]
[error occurred during error reporting (printing stack bounds), id 0xc0000005]

Native frames: (J=compiled Java code, j=interpreted, Vv=VM code, C=native code)


Current CompileTask:
C2:   6492 1431   !   4       java.net.URLClassLoader$1::run (63 bytes)


---------------  P R O C E S S  ---------------

Java Threads: ( => current thread )
  0x00000000199e2800 JavaThread "Cache worker for journal cache (C:\Users\elamoury123\.gradle\caches\journal-1)" [_thread_blocked, id=9288, stack(0x000000001c7d0000,0x000000001c8d0000)]
  0x00000000199e1000 JavaThread "File lock request listener" [_thread_in_native, id=14988, stack(0x000000001c4d0000,0x000000001c5d0000)]
  0x00000000199dd800 JavaThread "Cache worker for file hash cache (C:\Users\elamoury123\.gradle\caches\5.4.1\fileHashes)" [_thread_blocked, id=10632, stack(0x000000001c3d0000,0x000000001c4d0000)]
  0x0000000019891000 JavaThread "Thread-9" [_thread_blocked, id=12552, stack(0x000000001c2d0000,0x000000001c3d0000)]
  0x0000000019a24800 JavaThread "Stdin handler" [_thread_blocked, id=3356, stack(0x000000001c1d0000,0x000000001c2d0000)]
  0x0000000019a23800 JavaThread "Asynchronous log dispatcher for DefaultDaemonConnection: socket connection from /127.0.0.1:65401 to /127.0.0.1:65402" [_thread_blocked, id=8368, stack(0x000000001c0d0000,0x000000001c1d0000)]
  0x000000001a0a2000 JavaThread "Daemon worker" [_thread_in_native, id=7584, stack(0x000000001bfd0000,0x000000001c0d0000)]
  0x000000001a0a1000 JavaThread "Cancel handler" [_thread_blocked, id=15992, stack(0x000000001bed0000,0x000000001bfd0000)]
  0x0000000018ef1000 JavaThread "Handler for socket connection from /127.0.0.1:65401 to /127.0.0.1:65402" [_thread_in_native, id=5376, stack(0x000000001bbd0000,0x000000001bcd0000)]
  0x0000000019917800 JavaThread "Daemon" [_thread_blocked, id=10412, stack(0x000000001bad0000,0x000000001bbd0000)]
  0x000000001833c000 JavaThread "Daemon periodic checks" [_thread_blocked, id=14160, stack(0x000000001b9d0000,0x000000001bad0000)]
  0x0000000018ae1800 JavaThread "Incoming local TCP Connector on port 65401" [_thread_in_native, id=6056, stack(0x000000001b790000,0x000000001b890000)]
  0x000000001961e800 JavaThread "Daemon health stats" [_thread_blocked, id=7500, stack(0x000000001a170000,0x000000001a270000)]
  0x00000000182ae000 JavaThread "Service Thread" daemon [_thread_blocked, id=12060, stack(0x00000000187a0000,0x00000000188a0000)]
  0x00000000182a0800 JavaThread "C1 CompilerThread2" daemon [_thread_blocked, id=532, stack(0x00000000186a0000,0x00000000187a0000)]
=>0x0000000016a32000 JavaThread "C2 CompilerThread1" daemon [_thread_in_native, id=7604, stack(0x00000000181a0000,0x00000000182a0000)]
  0x0000000016a2f000 JavaThread "C2 CompilerThread0" daemon [_thread_in_native, id=7872, stack(0x00000000180a0000,0x00000000181a0000)]
  0x0000000016a2d800 JavaThread "Attach Listener" daemon [_thread_blocked, id=8120, stack(0x0000000017fa0000,0x00000000180a0000)]
  0x0000000016a2a800 JavaThread "Signal Dispatcher" daemon [_thread_blocked, id=13504, stack(0x0000000017ea0000,0x0000000017fa0000)]
  0x000000000308b800 JavaThread "Finalizer" daemon [_thread_blocked, id=3884, stack(0x0000000017c90000,0x0000000017d90000)]
  0x0000000016a19000 JavaThread "Reference Handler" daemon [_thread_blocked, id=5964, stack(0x0000000017b90000,0x0000000017c90000)]
  0x0000000002f92800 JavaThread "main" [_thread_blocked, id=8796, stack(0x00000000016c0000,0x00000000017c0000)]

Other Threads:
  0x00000000169f6800 VMThread [stack: 0x0000000017a90000,0x0000000017b90000] [id=9044]
  0x00000000182af000 WatcherThread [stack: 0x00000000188a0000,0x00000000189a0000] [id=11724]

VM state:not at safepoint (normal execution)

VM Mutex/Monitor currently owned by a thread: None

heap address: 0x00000000a0000000, size: 1536 MB, Compressed Oops mode: 32-bit
Narrow klass base: 0x0000000000000000, Narrow klass shift: 3
Compressed class space size: 1073741824 Address: 0x0000000100000000

Heap:
 PSYoungGen      total 38400K, used 16802K [0x00000000e0000000, 0x00000000e2a80000, 0x0000000100000000)
  eden space 33280K, 35% used [0x00000000e0000000,0x00000000e0b6ac78,0x00000000e2080000)
  from space 5120K, 99% used [0x00000000e2080000,0x00000000e257dbe0,0x00000000e2580000)
  to   space 5120K, 0% used [0x00000000e2580000,0x00000000e2580000,0x00000000e2a80000)
 ParOldGen       total 87552K, used 1868K [0x00000000a0000000, 0x00000000a5580000, 0x00000000e0000000)
  object space 87552K, 2% used [0x00000000a0000000,0x00000000a01d3338,0x00000000a5580000)
 Metaspace       used 14320K, capacity 14646K, committed 14976K, reserved 1062912K
  class space    used 1999K, capacity 2095K, committed 2176K, reserved 1048576K

Card table byte_map: [0x0000000012460000,0x0000000012770000] byte_map_base: 0x0000000011f60000

Marking Bits: (ParMarkBitMap*) 0x0000000068749f30
 Begin Bits: [0x0000000012d70000, 0x0000000014570000)
 End Bits:   [0x0000000014570000, 0x0000000015d70000)

Polling page: 0x00000000017c0000

CodeCache: size=245760Kb used=5107Kb max_used=5107Kb free=240652Kb
 bounds [0x00000000030a0000, 0x00000000035a0000, 0x00000000120a0000]
 total_blobs=1824 nmethods=1442 adapters=295
 compilation: enabled

Compilation events (10 events):
Event: 6.431 Thread 0x00000000182a0800 1440       3       java.lang.invoke.MethodType$ConcurrentWeakInternSet$WeakEntry::<init> (15 bytes)
Event: 6.432 Thread 0x00000000182a0800 nmethod 1440 0x0000000003597a10 code [0x0000000003597ba0, 0x0000000003597f88]
Event: 6.432 Thread 0x00000000182a0800 1441       3       java.lang.invoke.MemberName::flagsMods (72 bytes)
Event: 6.433 Thread 0x00000000182a0800 nmethod 1441 0x000000000359c550 code [0x000000000359c6a0, 0x000000000359c810]
Event: 6.433 Thread 0x00000000182a0800 1442       3       java.lang.invoke.MemberName::init (66 bytes)
Event: 6.433 Thread 0x00000000182a0800 nmethod 1442 0x000000000359c1d0 code [0x000000000359c320, 0x000000000359c4d0]
Event: 6.436 Thread 0x00000000182a0800 1444       3       java.lang.invoke.LambdaForm$BasicType::basicTypeChar (8 bytes)
Event: 6.436 Thread 0x00000000182a0800 nmethod 1444 0x000000000359ef50 code [0x000000000359f0e0, 0x000000000359f4e8]
Event: 6.466 Thread 0x00000000182a0800 1445       1       java.util.HashMap::afterNodeAccess (1 bytes)
Event: 6.466 Thread 0x00000000182a0800 nmethod 1445 0x000000000359bc50 code [0x000000000359bda0, 0x000000000359beb0]

GC Heap History (6 events):
Event: 2.280 GC heap before
{Heap before GC invocations=1 (full 0):
 PSYoungGen      total 38400K, used 33280K [0x00000000e0000000, 0x00000000e2a80000, 0x0000000100000000)
  eden space 33280K, 100% used [0x00000000e0000000,0x00000000e2080000,0x00000000e2080000)
  from space 5120K, 0% used [0x00000000e2580000,0x00000000e2580000,0x00000000e2a80000)
  to   space 5120K, 0% used [0x00000000e2080000,0x00000000e2080000,0x00000000e2580000)
 ParOldGen       total 87552K, used 0K [0x00000000a0000000, 0x00000000a5580000, 0x00000000e0000000)
  object space 87552K, 0% used [0x00000000a0000000,0x00000000a0000000,0x00000000a5580000)
 Metaspace       used 6637K, capacity 6788K, committed 7040K, reserved 1056768K
  class space    used 811K, capacity 844K, committed 896K, reserved 1048576K
Event: 2.287 GC heap after
Heap after GC invocations=1 (full 0):
 PSYoungGen      total 38400K, used 4168K [0x00000000e0000000, 0x00000000e2a80000, 0x0000000100000000)
  eden space 33280K, 0% used [0x00000000e0000000,0x00000000e0000000,0x00000000e2080000)
  from space 5120K, 81% used [0x00000000e2080000,0x00000000e24921a8,0x00000000e2580000)
  to   space 5120K, 0% used [0x00000000e2580000,0x00000000e2580000,0x00000000e2a80000)
 ParOldGen       total 87552K, used 8K [0x00000000a0000000, 0x00000000a5580000, 0x00000000e0000000)
  object space 87552K, 0% used [0x00000000a0000000,0x00000000a0002000,0x00000000a5580000)
 Metaspace       used 6637K, capacity 6788K, committed 7040K, reserved 1056768K
  class space    used 811K, capacity 844K, committed 896K, reserved 1048576K
}
Event: 3.489 GC heap before
{Heap before GC invocations=2 (full 0):
 PSYoungGen      total 38400K, used 37448K [0x00000000e0000000, 0x00000000e2a80000, 0x0000000100000000)
  eden space 33280K, 100% used [0x00000000e0000000,0x00000000e2080000,0x00000000e2080000)
  from space 5120K, 81% used [0x00000000e2080000,0x00000000e24921a8,0x00000000e2580000)
  to   space 5120K, 0% used [0x00000000e2580000,0x00000000e2580000,0x00000000e2a80000)
 ParOldGen       total 87552K, used 8K [0x00000000a0000000, 0x00000000a5580000, 0x00000000e0000000)
  object space 87552K, 0% used [0x00000000a0000000,0x00000000a0002000,0x00000000a5580000)
 Metaspace       used 8824K, capacity 9036K, committed 9216K, reserved 1056768K
  class space    used 1143K, capacity 1212K, committed 1280K, reserved 1048576K
Event: 3.499 GC heap after
Heap after GC invocations=2 (full 0):
 PSYoungGen      total 38400K, used 4417K [0x00000000e0000000, 0x00000000e2a80000, 0x0000000100000000)
  eden space 33280K, 0% used [0x00000000e0000000,0x00000000e0000000,0x00000000e2080000)
  from space 5120K, 86% used [0x00000000e2580000,0x00000000e29d0600,0x00000000e2a80000)
  to   space 5120K, 0% used [0x00000000e2080000,0x00000000e2080000,0x00000000e2580000)
 ParOldGen       total 87552K, used 16K [0x00000000a0000000, 0x00000000a5580000, 0x00000000e0000000)
  object space 87552K, 0% used [0x00000000a0000000,0x00000000a0004000,0x00000000a5580000)
 Metaspace       used 8824K, capacity 9036K, committed 9216K, reserved 1056768K
  class space    used 1143K, capacity 1212K, committed 1280K, reserved 1048576K
}
Event: 6.114 GC heap before
{Heap before GC invocations=3 (full 0):
 PSYoungGen      total 38400K, used 37697K [0x00000000e0000000, 0x00000000e2a80000, 0x0000000100000000)
  eden space 33280K, 100% used [0x00000000e0000000,0x00000000e2080000,0x00000000e2080000)
  from space 5120K, 86% used [0x00000000e2580000,0x00000000e29d0600,0x00000000e2a80000)
  to   space 5120K, 0% used [0x00000000e2080000,0x00000000e2080000,0x00000000e2580000)
 ParOldGen       total 87552K, used 16K [0x00000000a0000000, 0x00000000a5580000, 0x00000000e0000000)
  object space 87552K, 0% used [0x00000000a0000000,0x00000000a0004000,0x00000000a5580000)
 Metaspace       used 13345K, capacity 13684K, committed 13824K, reserved 1060864K
  class space    used 1840K, capacity 1966K, committed 2048K, reserved 1048576K
Event: 6.129 GC heap after
Heap after GC invocations=3 (full 0):
 PSYoungGen      total 38400K, used 5110K [0x00000000e0000000, 0x00000000e2a80000, 0x0000000100000000)
  eden space 33280K, 0% used [0x00000000e0000000,0x00000000e0000000,0x00000000e2080000)
  from space 5120K, 99% used [0x00000000e2080000,0x00000000e257dbe0,0x00000000e2580000)
  to   space 5120K, 0% used [0x00000000e2580000,0x00000000e2580000,0x00000000e2a80000)
 ParOldGen       total 87552K, used 1868K [0x00000000a0000000, 0x00000000a5580000, 0x00000000e0000000)
  object space 87552K, 2% used [0x00000000a0000000,0x00000000a01d3338,0x00000000a5580000)
 Metaspace       used 13345K, capacity 13684K, committed 13824K, reserved 1060864K
  class space    used 1840K, capacity 1966K, committed 2048K, reserved 1048576K
}

Deoptimization events (10 events):
Event: 4.360 Thread 0x0000000002f92800 Uncommon trap: reason=unstable_if action=reinterpret pc=0x00000000033bee90 method=java.io.WinNTFileSystem.normalize(Ljava/lang/String;II)Ljava/lang/String; @ 90
Event: 5.471 Thread 0x0000000018ef1000 Uncommon trap: reason=unstable_if action=reinterpret pc=0x0000000003477c70 method=java.util.concurrent.ConcurrentHashMap.putVal(Ljava/lang/Object;Ljava/lang/Object;Z)Ljava/lang/Object; @ 206
Event: 5.599 Thread 0x000000001a0a2000 Uncommon trap: reason=bimorphic action=maybe_recompile pc=0x00000000033351b0 method=java.util.HashMap.putVal(ILjava/lang/Object;Ljava/lang/Object;ZZ)Ljava/lang/Object; @ 253
Event: 5.599 Thread 0x000000001a0a2000 Uncommon trap: reason=bimorphic action=maybe_recompile pc=0x00000000033351b0 method=java.util.HashMap.putVal(ILjava/lang/Object;Ljava/lang/Object;ZZ)Ljava/lang/Object; @ 253
Event: 5.599 Thread 0x000000001a0a2000 Uncommon trap: reason=bimorphic action=maybe_recompile pc=0x00000000033351b0 method=java.util.HashMap.putVal(ILjava/lang/Object;Ljava/lang/Object;ZZ)Ljava/lang/Object; @ 253
Event: 5.599 Thread 0x000000001a0a2000 Uncommon trap: reason=bimorphic action=maybe_recompile pc=0x00000000033351b0 method=java.util.HashMap.putVal(ILjava/lang/Object;Ljava/lang/Object;ZZ)Ljava/lang/Object; @ 253
Event: 6.138 Thread 0x000000001a0a2000 Uncommon trap: reason=class_check action=maybe_recompile pc=0x00000000033711d8 method=java.util.regex.Matcher.match(II)Z @ 86
Event: 6.180 Thread 0x000000001a0a2000 Uncommon trap: reason=class_check action=maybe_recompile pc=0x00000000033711d8 method=java.util.regex.Matcher.match(II)Z @ 86
Event: 6.181 Thread 0x000000001a0a2000 Uncommon trap: reason=class_check action=maybe_recompile pc=0x00000000033711d8 method=java.util.regex.Matcher.match(II)Z @ 86
Event: 6.181 Thread 0x000000001a0a2000 Uncommon trap: reason=class_check action=maybe_recompile pc=0x000000000333201c method=java.util.regex.Matcher.match(II)Z @ 86

Classes redefined (0 events):
No events

Internal exceptions (10 events):
Event: 5.479 Thread 0x0000000018ef1000 Exception <a 'java/lang/NoSuchMethodError': <clinit>> (0x00000000e0a8b9a0) thrown at [D:\src\AOSP-openjdk-cygwin\jdk8u\hotspot\src\share\vm\prims\jni.cpp, line 1614]
Event: 5.482 Thread 0x0000000018ef1000 Exception <a 'java/lang/NoSuchMethodError': <clinit>> (0x00000000e0a9ef18) thrown at [D:\src\AOSP-openjdk-cygwin\jdk8u\hotspot\src\share\vm\prims\jni.cpp, line 1614]
Event: 5.491 Thread 0x0000000018ef1000 Exception <a 'java/lang/NoSuchMethodError': <clinit>> (0x00000000e0ac6380) thrown at [D:\src\AOSP-openjdk-cygwin\jdk8u\hotspot\src\share\vm\prims\jni.cpp, line 1614]
Event: 5.498 Thread 0x0000000018ef1000 Exception <a 'java/lang/NoSuchMethodError': <clinit>> (0x00000000e0ade450) thrown at [D:\src\AOSP-openjdk-cygwin\jdk8u\hotspot\src\share\vm\prims\jni.cpp, line 1614]
Event: 5.499 Thread 0x0000000018ef1000 Exception <a 'java/lang/NoSuchMethodError': <clinit>> (0x00000000e0ae70e0) thrown at [D:\src\AOSP-openjdk-cygwin\jdk8u\hotspot\src\share\vm\prims\jni.cpp, line 1614]
Event: 5.502 Thread 0x0000000018ef1000 Exception <a 'java/lang/NoSuchMethodError': <clinit>> (0x00000000e0afd808) thrown at [D:\src\AOSP-openjdk-cygwin\jdk8u\hotspot\src\share\vm\prims\jni.cpp, line 1614]
Event: 5.523 Thread 0x0000000018ef1000 Exception <a 'java/lang/NoSuchMethodError': <clinit>> (0x00000000e0b5b1c0) thrown at [D:\src\AOSP-openjdk-cygwin\jdk8u\hotspot\src\share\vm\prims\jni.cpp, line 1614]
Event: 5.531 Thread 0x0000000018ef1000 Exception <a 'java/lang/NoSuchMethodError': <clinit>> (0x00000000e0b87ef8) thrown at [D:\src\AOSP-openjdk-cygwin\jdk8u\hotspot\src\share\vm\prims\jni.cpp, line 1614]
Event: 5.546 Thread 0x0000000018ef1000 Exception <a 'java/lang/NoSuchMethodError': <clinit>> (0x00000000e0bb5fb0) thrown at [D:\src\AOSP-openjdk-cygwin\jdk8u\hotspot\src\share\vm\prims\jni.cpp, line 1614]
Event: 5.548 Thread 0x0000000018ef1000 Exception <a 'java/lang/NoSuchMethodError': <clinit>> (0x00000000e0bc13b8) thrown at [D:\src\AOSP-openjdk-cygwin\jdk8u\hotspot\src\share\vm\prims\jni.cpp, line 1614]

Events (10 events):
Event: 6.475 loading class org/gradle/api/internal/artifacts/ivyservice/ivyresolve/ComponentResolvers
Event: 6.475 loading class org/gradle/api/internal/artifacts/ivyservice/ivyresolve/ComponentResolvers done
Event: 6.475 loading class org/gradle/internal/resolve/caching/ComponentMetadataSupplierRuleExecutor
Event: 6.475 loading class org/gradle/internal/resolve/caching/ComponentMetadataSupplierRuleExecutor done
Event: 6.476 loading class org/gradle/internal/resolve/caching/CrossBuildCachingRuleExecutor
Event: 6.476 loading class org/gradle/internal/resolve/caching/CrossBuildCachingRuleExecutor done
Event: 6.477 loading class org/gradle/internal/resolve/caching/CachingRuleExecutor
Event: 6.477 loading class org/gradle/internal/resolve/caching/CachingRuleExecutor done
Event: 6.482 loading class org/gradle/internal/resource/cached/ByUrlCachedExternalResourceIndex
Event: 6.482 loading class org/gradle/internal/resource/cached/ByUrlCachedExternalResourceIndex done


Dynamic libraries:
0x00007ff71cdf0000 - 0x00007ff71ce21000 	C:\Program Files\Android\Android Studio\jre\bin\java.exe
0x00007ff956840000 - 0x00007ff956a30000 	C:\WINDOWS\SYSTEM32\ntdll.dll
0x00007ff9554b0000 - 0x00007ff955562000 	C:\WINDOWS\System32\KERNEL32.DLL
0x00007ff953d80000 - 0x00007ff954023000 	C:\WINDOWS\System32\KERNELBASE.dll
0x00007ff954f30000 - 0x00007ff954fd3000 	C:\WINDOWS\System32\ADVAPI32.dll
0x00007ff956250000 - 0x00007ff9562ee000 	C:\WINDOWS\System32\msvcrt.dll
0x00007ff956760000 - 0x00007ff9567f7000 	C:\WINDOWS\System32\sechost.dll
0x00007ff9549a0000 - 0x00007ff954ac0000 	C:\WINDOWS\System32\RPCRT4.dll
0x00007ff954d30000 - 0x00007ff954ec4000 	C:\WINDOWS\System32\USER32.dll
0x00007ff953c80000 - 0x00007ff953ca1000 	C:\WINDOWS\System32\win32u.dll
0x00007ff955290000 - 0x00007ff9552b6000 	C:\WINDOWS\System32\GDI32.dll
0x00007ff9537d0000 - 0x00007ff953964000 	C:\WINDOWS\System32\gdi32full.dll
0x00007ff953970000 - 0x00007ff953a0e000 	C:\WINDOWS\System32\msvcp_win.dll
0x00007ff953a10000 - 0x00007ff953b0a000 	C:\WINDOWS\System32\ucrtbase.dll
0x00007ff947640000 - 0x00007ff9478c5000 	C:\WINDOWS\WinSxS\amd64_microsoft.windows.common-controls_6595b64144ccf1df_6.0.18362.476_none_e6c4b11b130f2595\COMCTL32.dll
0x00007ff955570000 - 0x00007ff9558a6000 	C:\WINDOWS\System32\combase.dll
0x00007ff953d00000 - 0x00007ff953d80000 	C:\WINDOWS\System32\bcryptPrimitives.dll
0x00007ff9560d0000 - 0x00007ff9560fe000 	C:\WINDOWS\System32\IMM32.DLL
0x0000000067c60000 - 0x0000000067d32000 	C:\Program Files\Android\Android Studio\jre\jre\bin\msvcr100.dll
0x0000000067f80000 - 0x00000000687c6000 	C:\Program Files\Android\Android Studio\jre\jre\bin\server\jvm.dll
0x00007ff9552f0000 - 0x00007ff9552f8000 	C:\WINDOWS\System32\PSAPI.DLL
0x00007ff951120000 - 0x00007ff951129000 	C:\WINDOWS\SYSTEM32\WSOCK32.dll
0x00007ff955220000 - 0x00007ff95528f000 	C:\WINDOWS\System32\WS2_32.dll
0x00007ff9513c0000 - 0x00007ff9513e4000 	C:\WINDOWS\SYSTEM32\WINMM.dll
0x00007ff9478e0000 - 0x00007ff9478ea000 	C:\WINDOWS\SYSTEM32\VERSION.dll
0x00007ff951390000 - 0x00007ff9513bd000 	C:\WINDOWS\SYSTEM32\WINMMBASE.dll
0x00007ff953cb0000 - 0x00007ff953cfa000 	C:\WINDOWS\System32\cfgmgr32.dll
0x00007ff9473c0000 - 0x00007ff9473cf000 	C:\Program Files\Android\Android Studio\jre\jre\bin\verify.dll
0x00007ff925040000 - 0x00007ff925069000 	C:\Program Files\Android\Android Studio\jre\jre\bin\java.dll
0x00007ff92c250000 - 0x00007ff92c266000 	C:\Program Files\Android\Android Studio\jre\jre\bin\zip.dll
0x00007ff9558b0000 - 0x00007ff955f95000 	C:\WINDOWS\System32\SHELL32.dll
0x00007ff9548f0000 - 0x00007ff954999000 	C:\WINDOWS\System32\shcore.dll
0x00007ff954170000 - 0x00007ff9548ee000 	C:\WINDOWS\System32\windows.storage.dll
0x00007ff9537b0000 - 0x00007ff9537cf000 	C:\WINDOWS\System32\profapi.dll
0x00007ff953760000 - 0x00007ff9537aa000 	C:\WINDOWS\System32\powrprof.dll
0x00007ff953710000 - 0x00007ff953720000 	C:\WINDOWS\System32\UMPDC.dll
0x00007ff954c00000 - 0x00007ff954c52000 	C:\WINDOWS\System32\shlwapi.dll
0x00007ff953720000 - 0x00007ff953731000 	C:\WINDOWS\System32\kernel.appcore.dll
0x00007ff953b10000 - 0x00007ff953b27000 	C:\WINDOWS\System32\cryptsp.dll
0x00007ff925020000 - 0x00007ff92503a000 	C:\Program Files\Android\Android Studio\jre\jre\bin\net.dll
0x00007ff952f20000 - 0x00007ff952f87000 	C:\WINDOWS\system32\mswsock.dll
0x00007ff925000000 - 0x00007ff925011000 	C:\Program Files\Android\Android Studio\jre\jre\bin\nio.dll
0x00007ff940b30000 - 0x00007ff940b56000 	C:\Users\elamoury123\.gradle\native\29\windows-amd64\native-platform.dll
0x00007ff944880000 - 0x00007ff94488d000 	C:\Program Files\Android\Android Studio\jre\jre\bin\management.dll
0x00007ff952a90000 - 0x00007ff952ac3000 	C:\WINDOWS\system32\rsaenh.dll
0x00007ff9540e0000 - 0x00007ff954106000 	C:\WINDOWS\System32\bcrypt.dll
0x00007ff953600000 - 0x00007ff953625000 	C:\WINDOWS\SYSTEM32\USERENV.dll
0x00007ff9530f0000 - 0x00007ff9530fc000 	C:\WINDOWS\SYSTEM32\CRYPTBASE.dll
0x00007ff952c30000 - 0x00007ff952c6a000 	C:\WINDOWS\SYSTEM32\IPHLPAPI.DLL
0x00007ff9560c0000 - 0x00007ff9560c8000 	C:\WINDOWS\System32\NSI.dll
0x00007ff94c010000 - 0x00007ff94c026000 	C:\WINDOWS\SYSTEM32\dhcpcsvc6.DLL
0x00007ff94bff0000 - 0x00007ff94c00c000 	C:\WINDOWS\SYSTEM32\dhcpcsvc.DLL
0x00007ff952c70000 - 0x00007ff952d3a000 	C:\WINDOWS\SYSTEM32\DNSAPI.dll

VM Arguments:
jvm_args: -Xmx1536m -Dfile.encoding=windows-1252 -Duser.country=US -Duser.language=en -Duser.variant 
java_command: org.gradle.launcher.daemon.bootstrap.GradleDaemon 5.4.1
java_class_path (initial): C:\Users\elamoury123\.gradle\wrapper\dists\gradle-5.4.1-all\3221gyojl5jsh0helicew7rwx\gradle-5.4.1\lib\gradle-launcher-5.4.1.jar
Launcher Type: SUN_STANDARD

Environment Variables:
PATH=C:\Program Files (x86)\Common Files\Oracle\Java\javapath;C:\Program Files (x86)\NVIDIA Corporation\PhysX\Common;C:\WINDOWS\system32;C:\WINDOWS;C:\WINDOWS\System32\Wbem;C:\WINDOWS\System32\WindowsPowerShell\v1.0\;C:\WINDOWS\System32\OpenSSH\;D:\Git\Git\cmd;C:\Users\elamoury123\AppData\Local\Programs\Python\Python36;;C:\Program Files\Git LFS;C:\Program Files\Microsoft SQL Server\120\DTS\Binn\;C:\Program Files\Microsoft SQL Server\Client SDK\ODBC\110\Tools\Binn\;C:\Program Files (x86)\Microsoft SQL Server\120\Tools\Binn\;C:\Program Files\Microsoft SQL Server\120\Tools\Binn\;C:\Program Files (x86)\Microsoft SQL Server\120\Tools\Binn\ManagementStudio\;C:\Program Files (x86)\Microsoft SQL Server\120\DTS\Binn\;C:\Program Files\dotnet\;C:\Program Files\Microsoft SQL Server\130\Tools\Binn\;C:\Program Files (x86)\Lua\5.1;C:\Program Files (x86)\Lua\5.1\clibs;C:\Users\elamoury123\AppData\Local\Programs\Python\Python36\Scripts\;C:\Users\elamoury123\AppData\Local\Programs\Python\Python36\;C:\Users\elamoury123\Anaconda3;C:\Users\elamoury123\Anaconda3\Library\mingw-w64\bin;C:\Users\elamoury123\Anaconda3\Library\usr\bin;C:\Users\elamoury123\Anaconda3\Library\bin;C:\Users\elamoury123\Anaconda3\Scripts;C:\Users\elamoury123\AppData\Local\Microsoft\WindowsApps;D:\VS Code\Microsoft VS Code\bin;C:\Users\elamoury123\AppData\Local\GitHubDesktop\bin
USERNAME=foad
OS=Windows_NT
PROCESSOR_IDENTIFIER=Intel64 Family 6 Model 61 Stepping 4, GenuineIntel



---------------  S Y S T E M  ---------------

OS: Windows 10.0 , 64 bit Build 18362 (10.0.18362.329)

CPU:total 4 (initial active 4) (2 cores per cpu, 2 threads per core) family 6 model 61 stepping 4, cmov, cx8, fxsr, mmx, sse, sse2, sse3, ssse3, sse4.1, sse4.2, popcnt, avx, avx2, aes, clmul, erms, 3dnowpref, lzcnt, ht, tsc, tscinvbit, bmi1, bmi2, adx

Memory: 4k page, physical 8293904k(658320k free), swap 12201488k(5736k free)

vm_info: OpenJDK 64-Bit Server VM (25.202-b03) for windows-amd64 JRE (1.8.0_202-release-1483-b03), built by "builder" with MS VC++ 10.0 (VS2010)

time: Fri Dec 06 16:24:36 2019
timezone: Egypt Standard Time
elapsed time: 6 seconds (0d 0h 0m 6s)

