#
# There is insufficient memory for the Java Runtime Environment to continue.
# Native memory allocation (malloc) failed to allocate 2860976 bytes for Chunk::new
# Possible reasons:
#   The system is out of physical RAM or swap space
#   The process is running with CompressedOops enabled, and the Java Heap may be blocking the growth of the native heap
# Possible solutions:
#   Reduce memory load on the system
#   Increase physical memory or swap space
#   Check if swap backing store is full
#   Decrease Java heap size (-Xmx/-Xms)
#   Decrease number of Java threads
#   Decrease Java thread stack sizes (-Xss)
#   Set larger code cache with -XX:ReservedCodeCacheSize=
#   JVM is running with Unscaled Compressed Oops mode in which the Java heap is
#     placed in the first 4GB address space. The Java Heap base address is the
#     maximum limit for the native heap growth. Please use -XX:HeapBaseMinAddress
#     to set the Java Heap base and to place the Java Heap above 4GB virtual address.
# This output file may be truncated or incomplete.
#
#  Out of Memory Error (allocation.cpp:389), pid=2856, tid=0x0000000000002b84
#
# JRE version: OpenJDK Runtime Environment (8.0_202-b03) (build 1.8.0_202-release-1483-b03)
# Java VM: OpenJDK 64-Bit Server VM (25.202-b03 mixed mode windows-amd64 compressed oops)
# Failed to write core dump. Minidumps are not enabled by default on client versions of Windows
#

---------------  T H R E A D  ---------------

Current thread (0x00000000169f0800):  JavaThread "C2 CompilerThread1" daemon [_thread_in_native, id=11140, stack(0x0000000018140000,0x0000000018240000)]

Stack: [0x0000000018140000,0x0000000018240000]
[error occurred during error reporting (printing stack bounds), id 0xc0000005]

Native frames: (J=compiled Java code, j=interpreted, Vv=VM code, C=native code)


Current CompileTask:
C2:  11327 1493   !   4       java.net.URLClassLoader$1::run (63 bytes)


---------------  P R O C E S S  ---------------

Java Threads: ( => current thread )
  0x0000000019245000 JavaThread "Cache worker for journal cache (C:\Users\elamoury123\.gradle\caches\journal-1)" [_thread_blocked, id=10496, stack(0x000000001b590000,0x000000001b690000)]
  0x0000000019246800 JavaThread "File lock request listener" [_thread_in_native, id=16004, stack(0x000000001b490000,0x000000001b590000)]
  0x0000000019245800 JavaThread "Cache worker for file hash cache (C:\Users\elamoury123\.gradle\caches\5.4.1\fileHashes)" [_thread_blocked, id=11156, stack(0x000000001b390000,0x000000001b490000)]
  0x0000000019741800 JavaThread "Thread-9" [_thread_blocked, id=16328, stack(0x000000001b290000,0x000000001b390000)]
  0x0000000019740800 JavaThread "Stdin handler" [_thread_blocked, id=13140, stack(0x000000001b190000,0x000000001b290000)]
  0x000000001973f800 JavaThread "Asynchronous log dispatcher for DefaultDaemonConnection: socket connection from /127.0.0.1:65349 to /127.0.0.1:65350" [_thread_blocked, id=5804, stack(0x000000001b090000,0x000000001b190000)]
  0x00000000185e5800 JavaThread "Daemon worker" [_thread_in_native, id=15448, stack(0x000000001af90000,0x000000001b090000)]
  0x0000000019add800 JavaThread "Cancel handler" [_thread_blocked, id=7040, stack(0x000000001ae90000,0x000000001af90000)]
  0x0000000019ef3000 JavaThread "Handler for socket connection from /127.0.0.1:65349 to /127.0.0.1:65350" [_thread_in_native, id=2648, stack(0x000000001ab90000,0x000000001ac90000)]
  0x000000001866f000 JavaThread "Daemon" [_thread_blocked, id=8236, stack(0x000000001aa90000,0x000000001ab90000)]
  0x000000001866b000 JavaThread "Daemon periodic checks" [_thread_blocked, id=12932, stack(0x000000001a990000,0x000000001aa90000)]
  0x000000001862c000 JavaThread "Incoming local TCP Connector on port 65349" [_thread_in_native, id=16244, stack(0x000000001a750000,0x000000001a850000)]
  0x0000000019805000 JavaThread "Daemon health stats" [_thread_blocked, id=10272, stack(0x000000001a110000,0x000000001a210000)]
  0x0000000016a4e800 JavaThread "Service Thread" daemon [_thread_blocked, id=15560, stack(0x0000000018740000,0x0000000018840000)]
  0x00000000169f4800 JavaThread "C1 CompilerThread2" daemon [_thread_blocked, id=12344, stack(0x0000000018240000,0x0000000018340000)]
=>0x00000000169f0800 JavaThread "C2 CompilerThread1" daemon [_thread_in_native, id=11140, stack(0x0000000018140000,0x0000000018240000)]
  0x00000000169ed000 JavaThread "C2 CompilerThread0" daemon [_thread_blocked, id=13044, stack(0x0000000018040000,0x0000000018140000)]
  0x00000000169ec000 JavaThread "Attach Listener" daemon [_thread_blocked, id=5132, stack(0x0000000017f40000,0x0000000018040000)]
  0x00000000169ea800 JavaThread "Signal Dispatcher" daemon [_thread_blocked, id=7104, stack(0x0000000017e40000,0x0000000017f40000)]
  0x000000000307b800 JavaThread "Finalizer" daemon [_thread_blocked, id=4416, stack(0x0000000017c40000,0x0000000017d40000)]
  0x00000000169d9000 JavaThread "Reference Handler" daemon [_thread_blocked, id=10400, stack(0x0000000017b40000,0x0000000017c40000)]
  0x0000000002f82800 JavaThread "main" [_thread_blocked, id=15040, stack(0x0000000002e80000,0x0000000002f80000)]

Other Threads:
  0x00000000169b6800 VMThread [stack: 0x0000000017a40000,0x0000000017b40000] [id=11392]
  0x000000001836a000 WatcherThread [stack: 0x0000000018840000,0x0000000018940000] [id=7388]

VM state:not at safepoint (normal execution)

VM Mutex/Monitor currently owned by a thread: None

heap address: 0x00000000a0000000, size: 1536 MB, Compressed Oops mode: 32-bit
Narrow klass base: 0x0000000000000000, Narrow klass shift: 3
Compressed class space size: 1073741824 Address: 0x0000000100000000

Heap:
 PSYoungGen      total 38400K, used 8989K [0x00000000e0000000, 0x00000000e2a80000, 0x0000000100000000)
  eden space 33280K, 11% used [0x00000000e0000000,0x00000000e03cb430,0x00000000e2080000)
  from space 5120K, 99% used [0x00000000e2580000,0x00000000e2a7c010,0x00000000e2a80000)
  to   space 5120K, 0% used [0x00000000e2080000,0x00000000e2080000,0x00000000e2580000)
 ParOldGen       total 87552K, used 4979K [0x00000000a0000000, 0x00000000a5580000, 0x00000000e0000000)
  object space 87552K, 5% used [0x00000000a0000000,0x00000000a04dccb8,0x00000000a5580000)
 Metaspace       used 16468K, capacity 16900K, committed 17152K, reserved 1064960K
  class space    used 2346K, capacity 2488K, committed 2560K, reserved 1048576K

Card table byte_map: [0x0000000012440000,0x0000000012750000] byte_map_base: 0x0000000011f40000

Marking Bits: (ParMarkBitMap*) 0x0000000068749f30
 Begin Bits: [0x0000000012d50000, 0x0000000014550000)
 End Bits:   [0x0000000014550000, 0x0000000015d50000)

Polling page: 0x0000000002cf0000

CodeCache: size=245760Kb used=4950Kb max_used=4950Kb free=240809Kb
 bounds [0x0000000003080000, 0x0000000003560000, 0x0000000012080000]
 total_blobs=1834 nmethods=1436 adapters=311
 compilation: enabled

Compilation events (10 events):
Event: 11.247 Thread 0x00000000169ed000 1575  s    4       java.lang.Throwable::fillInStackTrace (29 bytes)
Event: 11.249 Thread 0x00000000169ed000 nmethod 1575 0x0000000003526b10 code [0x0000000003526c60, 0x0000000003526f88]
Event: 11.275 Thread 0x00000000169f4800 1576       3       java.util.concurrent.ConcurrentLinkedQueue::poll (85 bytes)
Event: 11.276 Thread 0x00000000169f4800 nmethod 1576 0x0000000003527710 code [0x00000000035278e0, 0x0000000003528270]
Event: 11.285 Thread 0x00000000169f4800 1578       3       java.util.regex.Pattern::RemoveQEQuoting (346 bytes)
Event: 11.287 Thread 0x00000000169f4800 nmethod 1578 0x00000000035557d0 code [0x0000000003555a20, 0x0000000003556b18]
Event: 11.287 Thread 0x00000000169f4800 1579       3       java.util.concurrent.TimeUnit$3::toNanos (11 bytes)
Event: 11.287 Thread 0x00000000169f4800 nmethod 1579 0x0000000003555310 code [0x0000000003555480, 0x00000000035556f0]
Event: 11.309 Thread 0x00000000169f4800 1580   !   3       java.util.concurrent.LinkedBlockingQueue::poll (134 bytes)
Event: 11.313 Thread 0x00000000169f4800 nmethod 1580 0x0000000003557450 code [0x0000000003557760, 0x00000000035590b8]

GC Heap History (8 events):
Event: 3.115 GC heap before
{Heap before GC invocations=1 (full 0):
 PSYoungGen      total 38400K, used 33280K [0x00000000e0000000, 0x00000000e2a80000, 0x0000000100000000)
  eden space 33280K, 100% used [0x00000000e0000000,0x00000000e2080000,0x00000000e2080000)
  from space 5120K, 0% used [0x00000000e2580000,0x00000000e2580000,0x00000000e2a80000)
  to   space 5120K, 0% used [0x00000000e2080000,0x00000000e2080000,0x00000000e2580000)
 ParOldGen       total 87552K, used 0K [0x00000000a0000000, 0x00000000a5580000, 0x00000000e0000000)
  object space 87552K, 0% used [0x00000000a0000000,0x00000000a0000000,0x00000000a5580000)
 Metaspace       used 6640K, capacity 6788K, committed 7040K, reserved 1056768K
  class space    used 811K, capacity 844K, committed 896K, reserved 1048576K
Event: 3.123 GC heap after
Heap after GC invocations=1 (full 0):
 PSYoungGen      total 38400K, used 4178K [0x00000000e0000000, 0x00000000e2a80000, 0x0000000100000000)
  eden space 33280K, 0% used [0x00000000e0000000,0x00000000e0000000,0x00000000e2080000)
  from space 5120K, 81% used [0x00000000e2080000,0x00000000e2494ba0,0x00000000e2580000)
  to   space 5120K, 0% used [0x00000000e2580000,0x00000000e2580000,0x00000000e2a80000)
 ParOldGen       total 87552K, used 8K [0x00000000a0000000, 0x00000000a5580000, 0x00000000e0000000)
  object space 87552K, 0% used [0x00000000a0000000,0x00000000a0002000,0x00000000a5580000)
 Metaspace       used 6640K, capacity 6788K, committed 7040K, reserved 1056768K
  class space    used 811K, capacity 844K, committed 896K, reserved 1048576K
}
Event: 5.731 GC heap before
{Heap before GC invocations=2 (full 0):
 PSYoungGen      total 38400K, used 37458K [0x00000000e0000000, 0x00000000e2a80000, 0x0000000100000000)
  eden space 33280K, 100% used [0x00000000e0000000,0x00000000e2080000,0x00000000e2080000)
  from space 5120K, 81% used [0x00000000e2080000,0x00000000e2494ba0,0x00000000e2580000)
  to   space 5120K, 0% used [0x00000000e2580000,0x00000000e2580000,0x00000000e2a80000)
 ParOldGen       total 87552K, used 8K [0x00000000a0000000, 0x00000000a5580000, 0x00000000e0000000)
  object space 87552K, 0% used [0x00000000a0000000,0x00000000a0002000,0x00000000a5580000)
 Metaspace       used 8820K, capacity 9036K, committed 9216K, reserved 1056768K
  class space    used 1143K, capacity 1212K, committed 1280K, reserved 1048576K
Event: 5.741 GC heap after
Heap after GC invocations=2 (full 0):
 PSYoungGen      total 38400K, used 4449K [0x00000000e0000000, 0x00000000e2a80000, 0x0000000100000000)
  eden space 33280K, 0% used [0x00000000e0000000,0x00000000e0000000,0x00000000e2080000)
  from space 5120K, 86% used [0x00000000e2580000,0x00000000e29d8588,0x00000000e2a80000)
  to   space 5120K, 0% used [0x00000000e2080000,0x00000000e2080000,0x00000000e2580000)
 ParOldGen       total 87552K, used 16K [0x00000000a0000000, 0x00000000a5580000, 0x00000000e0000000)
  object space 87552K, 0% used [0x00000000a0000000,0x00000000a0004000,0x00000000a5580000)
 Metaspace       used 8820K, capacity 9036K, committed 9216K, reserved 1056768K
  class space    used 1143K, capacity 1212K, committed 1280K, reserved 1048576K
}
Event: 9.310 GC heap before
{Heap before GC invocations=3 (full 0):
 PSYoungGen      total 38400K, used 37729K [0x00000000e0000000, 0x00000000e2a80000, 0x0000000100000000)
  eden space 33280K, 100% used [0x00000000e0000000,0x00000000e2080000,0x00000000e2080000)
  from space 5120K, 86% used [0x00000000e2580000,0x00000000e29d8588,0x00000000e2a80000)
  to   space 5120K, 0% used [0x00000000e2080000,0x00000000e2080000,0x00000000e2580000)
 ParOldGen       total 87552K, used 16K [0x00000000a0000000, 0x00000000a5580000, 0x00000000e0000000)
  object space 87552K, 0% used [0x00000000a0000000,0x00000000a0004000,0x00000000a5580000)
 Metaspace       used 13332K, capacity 13684K, committed 13824K, reserved 1060864K
  class space    used 1839K, capacity 1966K, committed 2048K, reserved 1048576K
Event: 9.327 GC heap after
Heap after GC invocations=3 (full 0):
 PSYoungGen      total 38400K, used 5120K [0x00000000e0000000, 0x00000000e2a80000, 0x0000000100000000)
  eden space 33280K, 0% used [0x00000000e0000000,0x00000000e0000000,0x00000000e2080000)
  from space 5120K, 100% used [0x00000000e2080000,0x00000000e2580000,0x00000000e2580000)
  to   space 5120K, 0% used [0x00000000e2580000,0x00000000e2580000,0x00000000e2a80000)
 ParOldGen       total 87552K, used 1865K [0x00000000a0000000, 0x00000000a5580000, 0x00000000e0000000)
  object space 87552K, 2% used [0x00000000a0000000,0x00000000a01d2558,0x00000000a5580000)
 Metaspace       used 13332K, capacity 13684K, committed 13824K, reserved 1060864K
  class space    used 1839K, capacity 1966K, committed 2048K, reserved 1048576K
}
Event: 11.145 GC heap before
{Heap before GC invocations=4 (full 0):
 PSYoungGen      total 38400K, used 38400K [0x00000000e0000000, 0x00000000e2a80000, 0x0000000100000000)
  eden space 33280K, 100% used [0x00000000e0000000,0x00000000e2080000,0x00000000e2080000)
  from space 5120K, 100% used [0x00000000e2080000,0x00000000e2580000,0x00000000e2580000)
  to   space 5120K, 0% used [0x00000000e2580000,0x00000000e2580000,0x00000000e2a80000)
 ParOldGen       total 87552K, used 1865K [0x00000000a0000000, 0x00000000a5580000, 0x00000000e0000000)
  object space 87552K, 2% used [0x00000000a0000000,0x00000000a01d2558,0x00000000a5580000)
 Metaspace       used 16124K, capacity 16548K, committed 16896K, reserved 1062912K
  class space    used 2298K, capacity 2456K, committed 2560K, reserved 1048576K
Event: 11.170 GC heap after
Heap after GC invocations=4 (full 0):
 PSYoungGen      total 38400K, used 5104K [0x00000000e0000000, 0x00000000e2a80000, 0x0000000100000000)
  eden space 33280K, 0% used [0x00000000e0000000,0x00000000e0000000,0x00000000e2080000)
  from space 5120K, 99% used [0x00000000e2580000,0x00000000e2a7c010,0x00000000e2a80000)
  to   space 5120K, 0% used [0x00000000e2080000,0x00000000e2080000,0x00000000e2580000)
 ParOldGen       total 87552K, used 4979K [0x00000000a0000000, 0x00000000a5580000, 0x00000000e0000000)
  object space 87552K, 5% used [0x00000000a0000000,0x00000000a04dccb8,0x00000000a5580000)
 Metaspace       used 16124K, capacity 16548K, committed 16896K, reserved 1062912K
  class space    used 2298K, capacity 2456K, committed 2560K, reserved 1048576K
}

Deoptimization events (10 events):
Event: 8.316 Thread 0x00000000185e5800 Uncommon trap: reason=bimorphic action=maybe_recompile pc=0x0000000003319864 method=java.util.HashMap.putVal(ILjava/lang/Object;Ljava/lang/Object;ZZ)Ljava/lang/Object; @ 253
Event: 8.317 Thread 0x00000000185e5800 Uncommon trap: reason=bimorphic action=maybe_recompile pc=0x0000000003319864 method=java.util.HashMap.putVal(ILjava/lang/Object;Ljava/lang/Object;ZZ)Ljava/lang/Object; @ 253
Event: 8.317 Thread 0x00000000185e5800 Uncommon trap: reason=bimorphic action=maybe_recompile pc=0x0000000003319864 method=java.util.HashMap.putVal(ILjava/lang/Object;Ljava/lang/Object;ZZ)Ljava/lang/Object; @ 253
Event: 8.317 Thread 0x00000000185e5800 Uncommon trap: reason=bimorphic action=maybe_recompile pc=0x0000000003319864 method=java.util.HashMap.putVal(ILjava/lang/Object;Ljava/lang/Object;ZZ)Ljava/lang/Object; @ 253
Event: 8.317 Thread 0x00000000185e5800 Uncommon trap: reason=bimorphic action=maybe_recompile pc=0x0000000003314d30 method=java.util.HashMap.putVal(ILjava/lang/Object;Ljava/lang/Object;ZZ)Ljava/lang/Object; @ 253
Event: 9.336 Thread 0x00000000185e5800 Uncommon trap: reason=class_check action=maybe_recompile pc=0x000000000335a758 method=java.util.regex.Matcher.match(II)Z @ 86
Event: 9.407 Thread 0x00000000185e5800 Uncommon trap: reason=class_check action=maybe_recompile pc=0x000000000335a758 method=java.util.regex.Matcher.match(II)Z @ 86
Event: 9.408 Thread 0x00000000185e5800 Uncommon trap: reason=class_check action=maybe_recompile pc=0x000000000335a758 method=java.util.regex.Matcher.match(II)Z @ 86
Event: 9.408 Thread 0x00000000185e5800 Uncommon trap: reason=class_check action=maybe_recompile pc=0x000000000331f49c method=java.util.regex.Matcher.match(II)Z @ 86
Event: 10.541 Thread 0x00000000185e5800 Uncommon trap: reason=unstable_if action=reinterpret pc=0x000000000343ccb4 method=java.lang.String.lastIndexOf([CII[CIII)I @ 66

Classes redefined (0 events):
No events

Internal exceptions (10 events):
Event: 8.139 Thread 0x0000000019ef3000 Exception <a 'java/lang/NoSuchMethodError': <clinit>> (0x00000000e0a8c0e8) thrown at [D:\src\AOSP-openjdk-cygwin\jdk8u\hotspot\src\share\vm\prims\jni.cpp, line 1614]
Event: 8.145 Thread 0x0000000019ef3000 Exception <a 'java/lang/NoSuchMethodError': <clinit>> (0x00000000e0a9f660) thrown at [D:\src\AOSP-openjdk-cygwin\jdk8u\hotspot\src\share\vm\prims\jni.cpp, line 1614]
Event: 8.151 Thread 0x0000000019ef3000 Exception <a 'java/lang/NoSuchMethodError': <clinit>> (0x00000000e0ac6aa8) thrown at [D:\src\AOSP-openjdk-cygwin\jdk8u\hotspot\src\share\vm\prims\jni.cpp, line 1614]
Event: 8.155 Thread 0x0000000019ef3000 Exception <a 'java/lang/NoSuchMethodError': <clinit>> (0x00000000e0adeb78) thrown at [D:\src\AOSP-openjdk-cygwin\jdk8u\hotspot\src\share\vm\prims\jni.cpp, line 1614]
Event: 8.160 Thread 0x0000000019ef3000 Exception <a 'java/lang/NoSuchMethodError': <clinit>> (0x00000000e0ae7808) thrown at [D:\src\AOSP-openjdk-cygwin\jdk8u\hotspot\src\share\vm\prims\jni.cpp, line 1614]
Event: 8.165 Thread 0x0000000019ef3000 Exception <a 'java/lang/NoSuchMethodError': <clinit>> (0x00000000e0afdeb0) thrown at [D:\src\AOSP-openjdk-cygwin\jdk8u\hotspot\src\share\vm\prims\jni.cpp, line 1614]
Event: 8.194 Thread 0x0000000019ef3000 Exception <a 'java/lang/NoSuchMethodError': <clinit>> (0x00000000e0b5b838) thrown at [D:\src\AOSP-openjdk-cygwin\jdk8u\hotspot\src\share\vm\prims\jni.cpp, line 1614]
Event: 8.203 Thread 0x0000000019ef3000 Exception <a 'java/lang/NoSuchMethodError': <clinit>> (0x00000000e0b88570) thrown at [D:\src\AOSP-openjdk-cygwin\jdk8u\hotspot\src\share\vm\prims\jni.cpp, line 1614]
Event: 8.218 Thread 0x0000000019ef3000 Exception <a 'java/lang/NoSuchMethodError': <clinit>> (0x00000000e0bb65c8) thrown at [D:\src\AOSP-openjdk-cygwin\jdk8u\hotspot\src\share\vm\prims\jni.cpp, line 1614]
Event: 8.220 Thread 0x0000000019ef3000 Exception <a 'java/lang/NoSuchMethodError': <clinit>> (0x00000000e0bc19d0) thrown at [D:\src\AOSP-openjdk-cygwin\jdk8u\hotspot\src\share\vm\prims\jni.cpp, line 1614]

Events (10 events):
Event: 11.292 loading class org/gradle/internal/resource/LocalBinaryResource
Event: 11.292 loading class org/gradle/internal/resource/LocalBinaryResource done
Event: 11.292 loading class org/gradle/internal/resource/ReadableContent
Event: 11.292 loading class org/gradle/internal/resource/ReadableContent done
Event: 11.293 loading class org/gradle/api/internal/artifacts/ivyservice/ivyresolve/StartParameterResolutionOverride
Event: 11.293 loading class org/gradle/api/internal/artifacts/ivyservice/ivyresolve/StartParameterResolutionOverride done
Event: 11.294 loading class org/gradle/api/internal/artifacts/ivyservice/resolutionstrategy/ExternalResourceCachePolicy
Event: 11.294 loading class org/gradle/api/internal/artifacts/ivyservice/resolutionstrategy/ExternalResourceCachePolicy done
Event: 11.294 loading class org/gradle/api/internal/artifacts/ivyservice/ivyresolve/ModuleComponentRepository
Event: 11.294 loading class org/gradle/api/internal/artifacts/ivyservice/ivyresolve/ModuleComponentRepository done


Dynamic libraries:
0x00007ff71cdf0000 - 0x00007ff71ce21000 	C:\Program Files\Android\Android Studio\jre\bin\java.exe
0x00007ff956840000 - 0x00007ff956a30000 	C:\WINDOWS\SYSTEM32\ntdll.dll
0x00007ff9554b0000 - 0x00007ff955562000 	C:\WINDOWS\System32\KERNEL32.DLL
0x00007ff953d80000 - 0x00007ff954023000 	C:\WINDOWS\System32\KERNELBASE.dll
0x00007ff954f30000 - 0x00007ff954fd3000 	C:\WINDOWS\System32\ADVAPI32.dll
0x00007ff956250000 - 0x00007ff9562ee000 	C:\WINDOWS\System32\msvcrt.dll
0x00007ff956760000 - 0x00007ff9567f7000 	C:\WINDOWS\System32\sechost.dll
0x00007ff9549a0000 - 0x00007ff954ac0000 	C:\WINDOWS\System32\RPCRT4.dll
0x00007ff954d30000 - 0x00007ff954ec4000 	C:\WINDOWS\System32\USER32.dll
0x00007ff953c80000 - 0x00007ff953ca1000 	C:\WINDOWS\System32\win32u.dll
0x00007ff955290000 - 0x00007ff9552b6000 	C:\WINDOWS\System32\GDI32.dll
0x00007ff9537d0000 - 0x00007ff953964000 	C:\WINDOWS\System32\gdi32full.dll
0x00007ff953970000 - 0x00007ff953a0e000 	C:\WINDOWS\System32\msvcp_win.dll
0x00007ff953a10000 - 0x00007ff953b0a000 	C:\WINDOWS\System32\ucrtbase.dll
0x00007ff947640000 - 0x00007ff9478c5000 	C:\WINDOWS\WinSxS\amd64_microsoft.windows.common-controls_6595b64144ccf1df_6.0.18362.476_none_e6c4b11b130f2595\COMCTL32.dll
0x00007ff955570000 - 0x00007ff9558a6000 	C:\WINDOWS\System32\combase.dll
0x00007ff953d00000 - 0x00007ff953d80000 	C:\WINDOWS\System32\bcryptPrimitives.dll
0x00007ff9560d0000 - 0x00007ff9560fe000 	C:\WINDOWS\System32\IMM32.DLL
0x0000000067c60000 - 0x0000000067d32000 	C:\Program Files\Android\Android Studio\jre\jre\bin\msvcr100.dll
0x0000000067f80000 - 0x00000000687c6000 	C:\Program Files\Android\Android Studio\jre\jre\bin\server\jvm.dll
0x00007ff9552f0000 - 0x00007ff9552f8000 	C:\WINDOWS\System32\PSAPI.DLL
0x00007ff951120000 - 0x00007ff951129000 	C:\WINDOWS\SYSTEM32\WSOCK32.dll
0x00007ff9513c0000 - 0x00007ff9513e4000 	C:\WINDOWS\SYSTEM32\WINMM.dll
0x00007ff955220000 - 0x00007ff95528f000 	C:\WINDOWS\System32\WS2_32.dll
0x00007ff9478e0000 - 0x00007ff9478ea000 	C:\WINDOWS\SYSTEM32\VERSION.dll
0x00007ff951390000 - 0x00007ff9513bd000 	C:\WINDOWS\SYSTEM32\WINMMBASE.dll
0x00007ff953cb0000 - 0x00007ff953cfa000 	C:\WINDOWS\System32\cfgmgr32.dll
0x00007ff9473c0000 - 0x00007ff9473cf000 	C:\Program Files\Android\Android Studio\jre\jre\bin\verify.dll
0x00007ff925040000 - 0x00007ff925069000 	C:\Program Files\Android\Android Studio\jre\jre\bin\java.dll
0x00007ff92c250000 - 0x00007ff92c266000 	C:\Program Files\Android\Android Studio\jre\jre\bin\zip.dll
0x00007ff9558b0000 - 0x00007ff955f95000 	C:\WINDOWS\System32\SHELL32.dll
0x00007ff9548f0000 - 0x00007ff954999000 	C:\WINDOWS\System32\shcore.dll
0x00007ff954170000 - 0x00007ff9548ee000 	C:\WINDOWS\System32\windows.storage.dll
0x00007ff9537b0000 - 0x00007ff9537cf000 	C:\WINDOWS\System32\profapi.dll
0x00007ff953760000 - 0x00007ff9537aa000 	C:\WINDOWS\System32\powrprof.dll
0x00007ff953710000 - 0x00007ff953720000 	C:\WINDOWS\System32\UMPDC.dll
0x00007ff954c00000 - 0x00007ff954c52000 	C:\WINDOWS\System32\shlwapi.dll
0x00007ff953720000 - 0x00007ff953731000 	C:\WINDOWS\System32\kernel.appcore.dll
0x00007ff953b10000 - 0x00007ff953b27000 	C:\WINDOWS\System32\cryptsp.dll
0x00007ff925020000 - 0x00007ff92503a000 	C:\Program Files\Android\Android Studio\jre\jre\bin\net.dll
0x00007ff952f20000 - 0x00007ff952f87000 	C:\WINDOWS\system32\mswsock.dll
0x00007ff925000000 - 0x00007ff925011000 	C:\Program Files\Android\Android Studio\jre\jre\bin\nio.dll
0x00007ff940b30000 - 0x00007ff940b56000 	C:\Users\elamoury123\.gradle\native\29\windows-amd64\native-platform.dll
0x00007ff944880000 - 0x00007ff94488d000 	C:\Program Files\Android\Android Studio\jre\jre\bin\management.dll
0x00007ff952a90000 - 0x00007ff952ac3000 	C:\WINDOWS\system32\rsaenh.dll
0x00007ff9540e0000 - 0x00007ff954106000 	C:\WINDOWS\System32\bcrypt.dll
0x00007ff953600000 - 0x00007ff953625000 	C:\WINDOWS\SYSTEM32\USERENV.dll
0x00007ff9530f0000 - 0x00007ff9530fc000 	C:\WINDOWS\SYSTEM32\CRYPTBASE.dll
0x00007ff952c30000 - 0x00007ff952c6a000 	C:\WINDOWS\SYSTEM32\IPHLPAPI.DLL
0x00007ff9560c0000 - 0x00007ff9560c8000 	C:\WINDOWS\System32\NSI.dll
0x00007ff94c010000 - 0x00007ff94c026000 	C:\WINDOWS\SYSTEM32\dhcpcsvc6.DLL
0x00007ff94bff0000 - 0x00007ff94c00c000 	C:\WINDOWS\SYSTEM32\dhcpcsvc.DLL
0x00007ff952c70000 - 0x00007ff952d3a000 	C:\WINDOWS\SYSTEM32\DNSAPI.dll

VM Arguments:
jvm_args: -Xmx1536m -Dfile.encoding=windows-1252 -Duser.country=US -Duser.language=en -Duser.variant 
java_command: org.gradle.launcher.daemon.bootstrap.GradleDaemon 5.4.1
java_class_path (initial): C:\Users\elamoury123\.gradle\wrapper\dists\gradle-5.4.1-all\3221gyojl5jsh0helicew7rwx\gradle-5.4.1\lib\gradle-launcher-5.4.1.jar
Launcher Type: SUN_STANDARD

Environment Variables:
PATH=C:\Program Files (x86)\Common Files\Oracle\Java\javapath;C:\Program Files (x86)\NVIDIA Corporation\PhysX\Common;C:\WINDOWS\system32;C:\WINDOWS;C:\WINDOWS\System32\Wbem;C:\WINDOWS\System32\WindowsPowerShell\v1.0\;C:\WINDOWS\System32\OpenSSH\;D:\Git\Git\cmd;C:\Users\elamoury123\AppData\Local\Programs\Python\Python36;;C:\Program Files\Git LFS;C:\Program Files\Microsoft SQL Server\120\DTS\Binn\;C:\Program Files\Microsoft SQL Server\Client SDK\ODBC\110\Tools\Binn\;C:\Program Files (x86)\Microsoft SQL Server\120\Tools\Binn\;C:\Program Files\Microsoft SQL Server\120\Tools\Binn\;C:\Program Files (x86)\Microsoft SQL Server\120\Tools\Binn\ManagementStudio\;C:\Program Files (x86)\Microsoft SQL Server\120\DTS\Binn\;C:\Program Files\dotnet\;C:\Program Files\Microsoft SQL Server\130\Tools\Binn\;C:\Program Files (x86)\Lua\5.1;C:\Program Files (x86)\Lua\5.1\clibs;C:\Users\elamoury123\AppData\Local\Programs\Python\Python36\Scripts\;C:\Users\elamoury123\AppData\Local\Programs\Python\Python36\;C:\Users\elamoury123\Anaconda3;C:\Users\elamoury123\Anaconda3\Library\mingw-w64\bin;C:\Users\elamoury123\Anaconda3\Library\usr\bin;C:\Users\elamoury123\Anaconda3\Library\bin;C:\Users\elamoury123\Anaconda3\Scripts;C:\Users\elamoury123\AppData\Local\Microsoft\WindowsApps;D:\VS Code\Microsoft VS Code\bin;C:\Users\elamoury123\AppData\Local\GitHubDesktop\bin
USERNAME=foad
OS=Windows_NT
PROCESSOR_IDENTIFIER=Intel64 Family 6 Model 61 Stepping 4, GenuineIntel



---------------  S Y S T E M  ---------------

OS: Windows 10.0 , 64 bit Build 18362 (10.0.18362.329)

CPU:total 4 (initial active 4) (2 cores per cpu, 2 threads per core) family 6 model 61 stepping 4, cmov, cx8, fxsr, mmx, sse, sse2, sse3, ssse3, sse4.1, sse4.2, popcnt, avx, avx2, aes, clmul, erms, 3dnowpref, lzcnt, ht, tsc, tscinvbit, bmi1, bmi2, adx

Memory: 4k page, physical 8293904k(686144k free), swap 12201488k(5780k free)

vm_info: OpenJDK 64-Bit Server VM (25.202-b03) for windows-amd64 JRE (1.8.0_202-release-1483-b03), built by "builder" with MS VC++ 10.0 (VS2010)

time: Fri Dec 06 16:23:51 2019
timezone: Egypt Standard Time
elapsed time: 11 seconds (0d 0h 0m 11s)

