#
# There is insufficient memory for the Java Runtime Environment to continue.
# Native memory allocation (malloc) failed to allocate 748176 bytes for Chunk::new
# Possible reasons:
#   The system is out of physical RAM or swap space
#   The process is running with CompressedOops enabled, and the Java Heap may be blocking the growth of the native heap
# Possible solutions:
#   Reduce memory load on the system
#   Increase physical memory or swap space
#   Check if swap backing store is full
#   Decrease Java heap size (-Xmx/-Xms)
#   Decrease number of Java threads
#   Decrease Java thread stack sizes (-Xss)
#   Set larger code cache with -XX:ReservedCodeCacheSize=
#   JVM is running with Unscaled Compressed Oops mode in which the Java heap is
#     placed in the first 4GB address space. The Java Heap base address is the
#     maximum limit for the native heap growth. Please use -XX:HeapBaseMinAddress
#     to set the Java Heap base and to place the Java Heap above 4GB virtual address.
# This output file may be truncated or incomplete.
#
#  Out of Memory Error (allocation.cpp:389), pid=10292, tid=0x00000000000027e8
#
# JRE version: OpenJDK Runtime Environment (8.0_202-b03) (build 1.8.0_202-release-1483-b03)
# Java VM: OpenJDK 64-Bit Server VM (25.202-b03 mixed mode windows-amd64 compressed oops)
# Failed to write core dump. Minidumps are not enabled by default on client versions of Windows
#

---------------  T H R E A D  ---------------

Current thread (0x00000000165fd000):  JavaThread "C2 CompilerThread0" daemon [_thread_in_native, id=10216, stack(0x0000000017c60000,0x0000000017d60000)]

Stack: [0x0000000017c60000,0x0000000017d60000]
[error occurred during error reporting (printing stack bounds), id 0xc0000005]

Native frames: (J=compiled Java code, j=interpreted, Vv=VM code, C=native code)


Current CompileTask:
C2:   6603 1464   !   4       java.net.URLClassLoader$1::run (63 bytes)


---------------  P R O C E S S  ---------------

Java Threads: ( => current thread )
  0x0000000018da1800 JavaThread "Cache worker for journal cache (C:\Users\elamoury123\.gradle\caches\journal-1)" [_thread_blocked, id=8256, stack(0x000000001c1a0000,0x000000001c2a0000)]
  0x0000000018d9b000 JavaThread "File lock request listener" [_thread_in_native, id=14240, stack(0x000000001c0a0000,0x000000001c1a0000)]
  0x0000000018d9b800 JavaThread "Cache worker for file hash cache (C:\Users\elamoury123\.gradle\caches\5.4.1\fileHashes)" [_thread_blocked, id=14000, stack(0x000000001bfa0000,0x000000001c0a0000)]
  0x0000000018681000 JavaThread "Thread-9" [_thread_blocked, id=16248, stack(0x000000001bea0000,0x000000001bfa0000)]
  0x000000001870a000 JavaThread "Stdin handler" [_thread_blocked, id=13052, stack(0x000000001bda0000,0x000000001bea0000)]
  0x0000000018709000 JavaThread "Asynchronous log dispatcher for DefaultDaemonConnection: socket connection from /127.0.0.1:65510 to /127.0.0.1:65511" [_thread_blocked, id=12428, stack(0x000000001bca0000,0x000000001bda0000)]
  0x0000000017f0b800 JavaThread "Daemon worker" [_thread_in_vm, id=16176, stack(0x000000001bba0000,0x000000001bca0000)]
  0x00000000181f7800 JavaThread "Cancel handler" [_thread_blocked, id=2316, stack(0x000000001baa0000,0x000000001bba0000)]
  0x000000001821f800 JavaThread "Handler for socket connection from /127.0.0.1:65510 to /127.0.0.1:65511" [_thread_in_native, id=11284, stack(0x000000001b7a0000,0x000000001b8a0000)]
  0x00000000181fa800 JavaThread "Daemon" [_thread_blocked, id=11916, stack(0x000000001b6a0000,0x000000001b7a0000)]
  0x0000000018646000 JavaThread "Daemon periodic checks" [_thread_blocked, id=13216, stack(0x000000001b5a0000,0x000000001b6a0000)]
  0x0000000019333800 JavaThread "Incoming local TCP Connector on port 65510" [_thread_in_native, id=3036, stack(0x000000001b360000,0x000000001b460000)]
  0x00000000196cb000 JavaThread "Daemon health stats" [_thread_blocked, id=15612, stack(0x0000000019d30000,0x0000000019e30000)]
  0x0000000017e6c000 JavaThread "Service Thread" daemon [_thread_blocked, id=9980, stack(0x0000000018360000,0x0000000018460000)]
  0x000000001665c800 JavaThread "C1 CompilerThread2" daemon [_thread_blocked, id=11228, stack(0x0000000018260000,0x0000000018360000)]
  0x0000000016601000 JavaThread "C2 CompilerThread1" daemon [_thread_in_native, id=9784, stack(0x0000000017d60000,0x0000000017e60000)]
=>0x00000000165fd000 JavaThread "C2 CompilerThread0" daemon [_thread_in_native, id=10216, stack(0x0000000017c60000,0x0000000017d60000)]
  0x00000000165fc000 JavaThread "Attach Listener" daemon [_thread_blocked, id=1800, stack(0x0000000017b60000,0x0000000017c60000)]
  0x00000000165fb000 JavaThread "Signal Dispatcher" daemon [_thread_blocked, id=1576, stack(0x0000000017a60000,0x0000000017b60000)]
  0x0000000002c85800 JavaThread "Finalizer" daemon [_thread_blocked, id=13848, stack(0x0000000017860000,0x0000000017960000)]
  0x00000000165e9000 JavaThread "Reference Handler" daemon [_thread_blocked, id=14708, stack(0x0000000017760000,0x0000000017860000)]
  0x0000000002b92800 JavaThread "main" [_thread_blocked, id=5216, stack(0x0000000002a90000,0x0000000002b90000)]

Other Threads:
  0x00000000165c6800 VMThread [stack: 0x0000000017660000,0x0000000017760000] [id=7392]
  0x0000000017e6d000 WatcherThread [stack: 0x0000000018460000,0x0000000018560000] [id=10472]

VM state:not at safepoint (normal execution)

VM Mutex/Monitor currently owned by a thread: None

heap address: 0x00000000a0000000, size: 1536 MB, Compressed Oops mode: 32-bit
Narrow klass base: 0x0000000000000000, Narrow klass shift: 3
Compressed class space size: 1073741824 Address: 0x0000000100000000

Heap:
 PSYoungGen      total 38400K, used 27153K [0x00000000e0000000, 0x00000000e2a80000, 0x0000000100000000)
  eden space 33280K, 66% used [0x00000000e0000000,0x00000000e1586028,0x00000000e2080000)
  from space 5120K, 99% used [0x00000000e2080000,0x00000000e257e620,0x00000000e2580000)
  to   space 5120K, 0% used [0x00000000e2580000,0x00000000e2580000,0x00000000e2a80000)
 ParOldGen       total 87552K, used 1840K [0x00000000a0000000, 0x00000000a5580000, 0x00000000e0000000)
  object space 87552K, 2% used [0x00000000a0000000,0x00000000a01cc1b8,0x00000000a5580000)
 Metaspace       used 14849K, capacity 15212K, committed 15360K, reserved 1062912K
  class space    used 2105K, capacity 2254K, committed 2304K, reserved 1048576K

Card table byte_map: [0x0000000012050000,0x0000000012360000] byte_map_base: 0x0000000011b50000

Marking Bits: (ParMarkBitMap*) 0x0000000068749f30
 Begin Bits: [0x0000000012960000, 0x0000000014160000)
 End Bits:   [0x0000000014160000, 0x0000000015960000)

Polling page: 0x0000000000e60000

CodeCache: size=245760Kb used=5135Kb max_used=5135Kb free=240624Kb
 bounds [0x0000000002c90000, 0x00000000031a0000, 0x0000000011c90000]
 total_blobs=1849 nmethods=1462 adapters=300
 compilation: enabled

Compilation events (10 events):
Event: 6.499 Thread 0x000000001665c800 nmethod 1458 0x00000000031922d0 code [0x0000000003192440, 0x0000000003192668]
Event: 6.499 Thread 0x000000001665c800 1460       3       java.util.AbstractCollection::isEmpty (13 bytes)
Event: 6.500 Thread 0x000000001665c800 nmethod 1460 0x0000000003192750 code [0x00000000031928c0, 0x0000000003192b28]
Event: 6.500 Thread 0x000000001665c800 1461       3       org.gradle.api.file.internal.FilePathUtil::sizeOfCommonPrefix (142 bytes)
Event: 6.502 Thread 0x000000001665c800 nmethod 1461 0x0000000003192bd0 code [0x0000000003192e40, 0x0000000003194268]
Event: 6.502 Thread 0x000000001665c800 1462       3       org.gradle.internal.file.DefaultFileHierarchySet$Node::sizeOfCommonPrefix (10 bytes)
Event: 6.502 Thread 0x000000001665c800 nmethod 1462 0x0000000003194bd0 code [0x0000000003194d40, 0x0000000003194f28]
Event: 6.502 Thread 0x000000001665c800 1463       3       org.gradle.api.file.internal.FilePathUtil::sizeOfCommonPrefix (10 bytes)
Event: 6.502 Thread 0x000000001665c800 nmethod 1463 0x0000000003195010 code [0x0000000003195180, 0x00000000031952e8]
Event: 6.510 Thread 0x00000000165fd000 1464   !   4       java.net.URLClassLoader$1::run (63 bytes)

GC Heap History (6 events):
Event: 2.444 GC heap before
{Heap before GC invocations=1 (full 0):
 PSYoungGen      total 38400K, used 33280K [0x00000000e0000000, 0x00000000e2a80000, 0x0000000100000000)
  eden space 33280K, 100% used [0x00000000e0000000,0x00000000e2080000,0x00000000e2080000)
  from space 5120K, 0% used [0x00000000e2580000,0x00000000e2580000,0x00000000e2a80000)
  to   space 5120K, 0% used [0x00000000e2080000,0x00000000e2080000,0x00000000e2580000)
 ParOldGen       total 87552K, used 0K [0x00000000a0000000, 0x00000000a5580000, 0x00000000e0000000)
  object space 87552K, 0% used [0x00000000a0000000,0x00000000a0000000,0x00000000a5580000)
 Metaspace       used 6639K, capacity 6792K, committed 7040K, reserved 1056768K
  class space    used 811K, capacity 844K, committed 896K, reserved 1048576K
Event: 2.453 GC heap after
Heap after GC invocations=1 (full 0):
 PSYoungGen      total 38400K, used 4173K [0x00000000e0000000, 0x00000000e2a80000, 0x0000000100000000)
  eden space 33280K, 0% used [0x00000000e0000000,0x00000000e0000000,0x00000000e2080000)
  from space 5120K, 81% used [0x00000000e2080000,0x00000000e2493498,0x00000000e2580000)
  to   space 5120K, 0% used [0x00000000e2580000,0x00000000e2580000,0x00000000e2a80000)
 ParOldGen       total 87552K, used 8K [0x00000000a0000000, 0x00000000a5580000, 0x00000000e0000000)
  object space 87552K, 0% used [0x00000000a0000000,0x00000000a0002000,0x00000000a5580000)
 Metaspace       used 6639K, capacity 6792K, committed 7040K, reserved 1056768K
  class space    used 811K, capacity 844K, committed 896K, reserved 1048576K
}
Event: 3.518 GC heap before
{Heap before GC invocations=2 (full 0):
 PSYoungGen      total 38400K, used 37453K [0x00000000e0000000, 0x00000000e2a80000, 0x0000000100000000)
  eden space 33280K, 100% used [0x00000000e0000000,0x00000000e2080000,0x00000000e2080000)
  from space 5120K, 81% used [0x00000000e2080000,0x00000000e2493498,0x00000000e2580000)
  to   space 5120K, 0% used [0x00000000e2580000,0x00000000e2580000,0x00000000e2a80000)
 ParOldGen       total 87552K, used 8K [0x00000000a0000000, 0x00000000a5580000, 0x00000000e0000000)
  object space 87552K, 0% used [0x00000000a0000000,0x00000000a0002000,0x00000000a5580000)
 Metaspace       used 8825K, capacity 9040K, committed 9216K, reserved 1056768K
  class space    used 1143K, capacity 1212K, committed 1280K, reserved 1048576K
Event: 3.526 GC heap after
Heap after GC invocations=2 (full 0):
 PSYoungGen      total 38400K, used 4465K [0x00000000e0000000, 0x00000000e2a80000, 0x0000000100000000)
  eden space 33280K, 0% used [0x00000000e0000000,0x00000000e0000000,0x00000000e2080000)
  from space 5120K, 87% used [0x00000000e2580000,0x00000000e29dc598,0x00000000e2a80000)
  to   space 5120K, 0% used [0x00000000e2080000,0x00000000e2080000,0x00000000e2580000)
 ParOldGen       total 87552K, used 16K [0x00000000a0000000, 0x00000000a5580000, 0x00000000e0000000)
  object space 87552K, 0% used [0x00000000a0000000,0x00000000a0004000,0x00000000a5580000)
 Metaspace       used 8825K, capacity 9040K, committed 9216K, reserved 1056768K
  class space    used 1143K, capacity 1212K, committed 1280K, reserved 1048576K
}
Event: 5.957 GC heap before
{Heap before GC invocations=3 (full 0):
 PSYoungGen      total 38400K, used 37745K [0x00000000e0000000, 0x00000000e2a80000, 0x0000000100000000)
  eden space 33280K, 100% used [0x00000000e0000000,0x00000000e2080000,0x00000000e2080000)
  from space 5120K, 87% used [0x00000000e2580000,0x00000000e29dc598,0x00000000e2a80000)
  to   space 5120K, 0% used [0x00000000e2080000,0x00000000e2080000,0x00000000e2580000)
 ParOldGen       total 87552K, used 16K [0x00000000a0000000, 0x00000000a5580000, 0x00000000e0000000)
  object space 87552K, 0% used [0x00000000a0000000,0x00000000a0004000,0x00000000a5580000)
 Metaspace       used 13283K, capacity 13628K, committed 13824K, reserved 1060864K
  class space    used 1833K, capacity 1956K, committed 2048K, reserved 1048576K
Event: 5.973 GC heap after
Heap after GC invocations=3 (full 0):
 PSYoungGen      total 38400K, used 5113K [0x00000000e0000000, 0x00000000e2a80000, 0x0000000100000000)
  eden space 33280K, 0% used [0x00000000e0000000,0x00000000e0000000,0x00000000e2080000)
  from space 5120K, 99% used [0x00000000e2080000,0x00000000e257e620,0x00000000e2580000)
  to   space 5120K, 0% used [0x00000000e2580000,0x00000000e2580000,0x00000000e2a80000)
 ParOldGen       total 87552K, used 1840K [0x00000000a0000000, 0x00000000a5580000, 0x00000000e0000000)
  object space 87552K, 2% used [0x00000000a0000000,0x00000000a01cc1b8,0x00000000a5580000)
 Metaspace       used 13283K, capacity 13628K, committed 13824K, reserved 1060864K
  class space    used 1833K, capacity 1956K, committed 2048K, reserved 1048576K
}

Deoptimization events (10 events):
Event: 5.358 Thread 0x000000001821f800 Uncommon trap: reason=unstable_if action=reinterpret pc=0x0000000003061d70 method=java.util.concurrent.ConcurrentHashMap.putVal(Ljava/lang/Object;Ljava/lang/Object;Z)Ljava/lang/Object; @ 206
Event: 5.477 Thread 0x0000000017f0b800 Uncommon trap: reason=bimorphic action=maybe_recompile pc=0x0000000002f2f1e4 method=java.util.HashMap.putVal(ILjava/lang/Object;Ljava/lang/Object;ZZ)Ljava/lang/Object; @ 253
Event: 5.477 Thread 0x0000000017f0b800 Uncommon trap: reason=bimorphic action=maybe_recompile pc=0x0000000002f2f1e4 method=java.util.HashMap.putVal(ILjava/lang/Object;Ljava/lang/Object;ZZ)Ljava/lang/Object; @ 253
Event: 5.477 Thread 0x0000000017f0b800 Uncommon trap: reason=bimorphic action=maybe_recompile pc=0x0000000002f2f1e4 method=java.util.HashMap.putVal(ILjava/lang/Object;Ljava/lang/Object;ZZ)Ljava/lang/Object; @ 253
Event: 5.477 Thread 0x0000000017f0b800 Uncommon trap: reason=bimorphic action=maybe_recompile pc=0x0000000002f2f1e4 method=java.util.HashMap.putVal(ILjava/lang/Object;Ljava/lang/Object;ZZ)Ljava/lang/Object; @ 253
Event: 5.477 Thread 0x0000000017f0b800 Uncommon trap: reason=bimorphic action=maybe_recompile pc=0x0000000002f2a6c4 method=java.util.HashMap.putVal(ILjava/lang/Object;Ljava/lang/Object;ZZ)Ljava/lang/Object; @ 253
Event: 5.956 Thread 0x0000000017f0b800 Uncommon trap: reason=class_check action=maybe_recompile pc=0x0000000002f69d58 method=java.util.regex.Matcher.match(II)Z @ 86
Event: 6.006 Thread 0x0000000017f0b800 Uncommon trap: reason=class_check action=maybe_recompile pc=0x0000000002f69d58 method=java.util.regex.Matcher.match(II)Z @ 86
Event: 6.007 Thread 0x0000000017f0b800 Uncommon trap: reason=class_check action=maybe_recompile pc=0x0000000002f69d58 method=java.util.regex.Matcher.match(II)Z @ 86
Event: 6.008 Thread 0x0000000017f0b800 Uncommon trap: reason=class_check action=maybe_recompile pc=0x0000000002f34e1c method=java.util.regex.Matcher.match(II)Z @ 86

Classes redefined (0 events):
No events

Internal exceptions (10 events):
Event: 3.563 Thread 0x0000000002b92800 Exception <a 'java/lang/NoSuchFieldError': method resolution failed> (0x00000000e0060900) thrown at [D:\src\AOSP-openjdk-cygwin\jdk8u\hotspot\src\share\vm\prims\methodHandles.cpp, line 1167]
Event: 3.568 Thread 0x0000000002b92800 Exception <a 'java/lang/NoSuchFieldError': method resolution failed> (0x00000000e006e650) thrown at [D:\src\AOSP-openjdk-cygwin\jdk8u\hotspot\src\share\vm\prims\methodHandles.cpp, line 1167]
Event: 5.289 Thread 0x0000000002b92800 Exception <a 'java/io/IOException'> (0x00000000e089cca0) thrown at [D:\src\AOSP-openjdk-cygwin\jdk8u\hotspot\src\share\vm\prims\jni.cpp, line 710]
Event: 5.359 Thread 0x000000001821f800 Exception <a 'java/lang/NoSuchMethodError': <clinit>> (0x00000000e0a79a70) thrown at [D:\src\AOSP-openjdk-cygwin\jdk8u\hotspot\src\share\vm\prims\jni.cpp, line 1614]
Event: 5.360 Thread 0x000000001821f800 Exception <a 'java/lang/NoSuchMethodError': <clinit>> (0x00000000e0a83820) thrown at [D:\src\AOSP-openjdk-cygwin\jdk8u\hotspot\src\share\vm\prims\jni.cpp, line 1614]
Event: 5.362 Thread 0x000000001821f800 Exception <a 'java/lang/NoSuchMethodError': <clinit>> (0x00000000e0a97a58) thrown at [D:\src\AOSP-openjdk-cygwin\jdk8u\hotspot\src\share\vm\prims\jni.cpp, line 1614]
Event: 5.388 Thread 0x000000001821f800 Exception <a 'java/lang/NoSuchMethodError': <clinit>> (0x00000000e0af2b98) thrown at [D:\src\AOSP-openjdk-cygwin\jdk8u\hotspot\src\share\vm\prims\jni.cpp, line 1614]
Event: 5.400 Thread 0x000000001821f800 Exception <a 'java/lang/NoSuchMethodError': <clinit>> (0x00000000e0b2a700) thrown at [D:\src\AOSP-openjdk-cygwin\jdk8u\hotspot\src\share\vm\prims\jni.cpp, line 1614]
Event: 5.410 Thread 0x000000001821f800 Exception <a 'java/lang/NoSuchMethodError': <clinit>> (0x00000000e0b60780) thrown at [D:\src\AOSP-openjdk-cygwin\jdk8u\hotspot\src\share\vm\prims\jni.cpp, line 1614]
Event: 5.412 Thread 0x000000001821f800 Exception <a 'java/lang/NoSuchMethodError': <clinit>> (0x00000000e0b6c1e8) thrown at [D:\src\AOSP-openjdk-cygwin\jdk8u\hotspot\src\share\vm\prims\jni.cpp, line 1614]

Events (10 events):
Event: 6.591 loading class com/google/common/util/concurrent/Striped$LargeLazyStriped
Event: 6.591 loading class com/google/common/util/concurrent/Striped$LargeLazyStriped done
Event: 6.593 loading class com/google/common/util/concurrent/Striped$CompactStriped
Event: 6.593 loading class com/google/common/util/concurrent/Striped$CompactStriped done
Event: 6.600 loading class com/google/common/util/concurrent/Striped$5
Event: 6.600 loading class com/google/common/util/concurrent/Striped$5 done
Event: 6.601 loading class java/util/concurrent/locks/ReadWriteLock
Event: 6.601 loading class java/util/concurrent/locks/ReadWriteLock done
Event: 6.601 loading class com/google/common/util/concurrent/Striped$6
Event: 6.601 loading class com/google/common/util/concurrent/Striped$6 done


Dynamic libraries:
0x00007ff71cdf0000 - 0x00007ff71ce21000 	C:\Program Files\Android\Android Studio\jre\bin\java.exe
0x00007ff956840000 - 0x00007ff956a30000 	C:\WINDOWS\SYSTEM32\ntdll.dll
0x00007ff9554b0000 - 0x00007ff955562000 	C:\WINDOWS\System32\KERNEL32.DLL
0x00007ff953d80000 - 0x00007ff954023000 	C:\WINDOWS\System32\KERNELBASE.dll
0x00007ff954f30000 - 0x00007ff954fd3000 	C:\WINDOWS\System32\ADVAPI32.dll
0x00007ff956250000 - 0x00007ff9562ee000 	C:\WINDOWS\System32\msvcrt.dll
0x00007ff956760000 - 0x00007ff9567f7000 	C:\WINDOWS\System32\sechost.dll
0x00007ff9549a0000 - 0x00007ff954ac0000 	C:\WINDOWS\System32\RPCRT4.dll
0x00007ff954d30000 - 0x00007ff954ec4000 	C:\WINDOWS\System32\USER32.dll
0x00007ff953c80000 - 0x00007ff953ca1000 	C:\WINDOWS\System32\win32u.dll
0x00007ff955290000 - 0x00007ff9552b6000 	C:\WINDOWS\System32\GDI32.dll
0x00007ff9537d0000 - 0x00007ff953964000 	C:\WINDOWS\System32\gdi32full.dll
0x00007ff953970000 - 0x00007ff953a0e000 	C:\WINDOWS\System32\msvcp_win.dll
0x00007ff953a10000 - 0x00007ff953b0a000 	C:\WINDOWS\System32\ucrtbase.dll
0x00007ff947640000 - 0x00007ff9478c5000 	C:\WINDOWS\WinSxS\amd64_microsoft.windows.common-controls_6595b64144ccf1df_6.0.18362.476_none_e6c4b11b130f2595\COMCTL32.dll
0x00007ff955570000 - 0x00007ff9558a6000 	C:\WINDOWS\System32\combase.dll
0x00007ff953d00000 - 0x00007ff953d80000 	C:\WINDOWS\System32\bcryptPrimitives.dll
0x00007ff9560d0000 - 0x00007ff9560fe000 	C:\WINDOWS\System32\IMM32.DLL
0x0000000067c60000 - 0x0000000067d32000 	C:\Program Files\Android\Android Studio\jre\jre\bin\msvcr100.dll
0x0000000067f80000 - 0x00000000687c6000 	C:\Program Files\Android\Android Studio\jre\jre\bin\server\jvm.dll
0x00007ff9552f0000 - 0x00007ff9552f8000 	C:\WINDOWS\System32\PSAPI.DLL
0x00007ff951120000 - 0x00007ff951129000 	C:\WINDOWS\SYSTEM32\WSOCK32.dll
0x00007ff955220000 - 0x00007ff95528f000 	C:\WINDOWS\System32\WS2_32.dll
0x00007ff9513c0000 - 0x00007ff9513e4000 	C:\WINDOWS\SYSTEM32\WINMM.dll
0x00007ff9478e0000 - 0x00007ff9478ea000 	C:\WINDOWS\SYSTEM32\VERSION.dll
0x00007ff951390000 - 0x00007ff9513bd000 	C:\WINDOWS\SYSTEM32\WINMMBASE.dll
0x00007ff953cb0000 - 0x00007ff953cfa000 	C:\WINDOWS\System32\cfgmgr32.dll
0x00007ff9473c0000 - 0x00007ff9473cf000 	C:\Program Files\Android\Android Studio\jre\jre\bin\verify.dll
0x00007ff925040000 - 0x00007ff925069000 	C:\Program Files\Android\Android Studio\jre\jre\bin\java.dll
0x00007ff92c250000 - 0x00007ff92c266000 	C:\Program Files\Android\Android Studio\jre\jre\bin\zip.dll
0x00007ff9558b0000 - 0x00007ff955f95000 	C:\WINDOWS\System32\SHELL32.dll
0x00007ff9548f0000 - 0x00007ff954999000 	C:\WINDOWS\System32\shcore.dll
0x00007ff954170000 - 0x00007ff9548ee000 	C:\WINDOWS\System32\windows.storage.dll
0x00007ff9537b0000 - 0x00007ff9537cf000 	C:\WINDOWS\System32\profapi.dll
0x00007ff953760000 - 0x00007ff9537aa000 	C:\WINDOWS\System32\powrprof.dll
0x00007ff953710000 - 0x00007ff953720000 	C:\WINDOWS\System32\UMPDC.dll
0x00007ff954c00000 - 0x00007ff954c52000 	C:\WINDOWS\System32\shlwapi.dll
0x00007ff953720000 - 0x00007ff953731000 	C:\WINDOWS\System32\kernel.appcore.dll
0x00007ff953b10000 - 0x00007ff953b27000 	C:\WINDOWS\System32\cryptsp.dll
0x00007ff925020000 - 0x00007ff92503a000 	C:\Program Files\Android\Android Studio\jre\jre\bin\net.dll
0x00007ff952f20000 - 0x00007ff952f87000 	C:\WINDOWS\system32\mswsock.dll
0x00007ff925000000 - 0x00007ff925011000 	C:\Program Files\Android\Android Studio\jre\jre\bin\nio.dll
0x00007ff940b30000 - 0x00007ff940b56000 	C:\Users\elamoury123\.gradle\native\29\windows-amd64\native-platform.dll
0x00007ff944880000 - 0x00007ff94488d000 	C:\Program Files\Android\Android Studio\jre\jre\bin\management.dll
0x00007ff952a90000 - 0x00007ff952ac3000 	C:\WINDOWS\system32\rsaenh.dll
0x00007ff9540e0000 - 0x00007ff954106000 	C:\WINDOWS\System32\bcrypt.dll
0x00007ff953600000 - 0x00007ff953625000 	C:\WINDOWS\SYSTEM32\USERENV.dll
0x00007ff9530f0000 - 0x00007ff9530fc000 	C:\WINDOWS\SYSTEM32\CRYPTBASE.dll
0x00007ff952c30000 - 0x00007ff952c6a000 	C:\WINDOWS\SYSTEM32\IPHLPAPI.DLL
0x00007ff9560c0000 - 0x00007ff9560c8000 	C:\WINDOWS\System32\NSI.dll
0x00007ff94c010000 - 0x00007ff94c026000 	C:\WINDOWS\SYSTEM32\dhcpcsvc6.DLL
0x00007ff94bff0000 - 0x00007ff94c00c000 	C:\WINDOWS\SYSTEM32\dhcpcsvc.DLL
0x00007ff952c70000 - 0x00007ff952d3a000 	C:\WINDOWS\SYSTEM32\DNSAPI.dll

VM Arguments:
jvm_args: -Xmx1536m -Dfile.encoding=windows-1252 -Duser.country=US -Duser.language=en -Duser.variant 
java_command: org.gradle.launcher.daemon.bootstrap.GradleDaemon 5.4.1
java_class_path (initial): C:\Users\elamoury123\.gradle\wrapper\dists\gradle-5.4.1-all\3221gyojl5jsh0helicew7rwx\gradle-5.4.1\lib\gradle-launcher-5.4.1.jar
Launcher Type: SUN_STANDARD

Environment Variables:
PATH=C:\Program Files (x86)\Common Files\Oracle\Java\javapath;C:\Program Files (x86)\NVIDIA Corporation\PhysX\Common;C:\WINDOWS\system32;C:\WINDOWS;C:\WINDOWS\System32\Wbem;C:\WINDOWS\System32\WindowsPowerShell\v1.0\;C:\WINDOWS\System32\OpenSSH\;D:\Git\Git\cmd;C:\Users\elamoury123\AppData\Local\Programs\Python\Python36;;C:\Program Files\Git LFS;C:\Program Files\Microsoft SQL Server\120\DTS\Binn\;C:\Program Files\Microsoft SQL Server\Client SDK\ODBC\110\Tools\Binn\;C:\Program Files (x86)\Microsoft SQL Server\120\Tools\Binn\;C:\Program Files\Microsoft SQL Server\120\Tools\Binn\;C:\Program Files (x86)\Microsoft SQL Server\120\Tools\Binn\ManagementStudio\;C:\Program Files (x86)\Microsoft SQL Server\120\DTS\Binn\;C:\Program Files\dotnet\;C:\Program Files\Microsoft SQL Server\130\Tools\Binn\;C:\Program Files (x86)\Lua\5.1;C:\Program Files (x86)\Lua\5.1\clibs;C:\Users\elamoury123\AppData\Local\Programs\Python\Python36\Scripts\;C:\Users\elamoury123\AppData\Local\Programs\Python\Python36\;C:\Users\elamoury123\Anaconda3;C:\Users\elamoury123\Anaconda3\Library\mingw-w64\bin;C:\Users\elamoury123\Anaconda3\Library\usr\bin;C:\Users\elamoury123\Anaconda3\Library\bin;C:\Users\elamoury123\Anaconda3\Scripts;C:\Users\elamoury123\AppData\Local\Microsoft\WindowsApps;D:\VS Code\Microsoft VS Code\bin;C:\Users\elamoury123\AppData\Local\GitHubDesktop\bin
USERNAME=foad
OS=Windows_NT
PROCESSOR_IDENTIFIER=Intel64 Family 6 Model 61 Stepping 4, GenuineIntel



---------------  S Y S T E M  ---------------

OS: Windows 10.0 , 64 bit Build 18362 (10.0.18362.329)

CPU:total 4 (initial active 4) (2 cores per cpu, 2 threads per core) family 6 model 61 stepping 4, cmov, cx8, fxsr, mmx, sse, sse2, sse3, ssse3, sse4.1, sse4.2, popcnt, avx, avx2, aes, clmul, erms, 3dnowpref, lzcnt, ht, tsc, tscinvbit, bmi1, bmi2, adx

Memory: 4k page, physical 8293904k(587968k free), swap 12201488k(5224k free)

vm_info: OpenJDK 64-Bit Server VM (25.202-b03) for windows-amd64 JRE (1.8.0_202-release-1483-b03), built by "builder" with MS VC++ 10.0 (VS2010)

time: Fri Dec 06 16:26:51 2019
timezone: Egypt Standard Time
elapsed time: 6 seconds (0d 0h 0m 6s)

